2026-06-22 10:01:27.306 [[32minfo[39m][Biosocket-WS] WebSocket 通道已建立: /biostream
2026-06-22 10:01:27.315 [[32minfo[39m][Biosocket-WS] RS-485 驱动初始化: 模式=仿真数据
2026-06-22 10:01:27.316 [[32minfo[39m][KalmanFilter] 多通道卡尔曼滤波器已初始化 (5 通道)
2026-06-22 10:01:27.316 [[32minfo[39m][RingBuffer] 无锁环形缓冲初始化: 容量=65536 槽 (64K), 单槽对齐=8 字节边界
2026-06-22 10:01:27.317 [[32minfo[39m][RingBuffer] 生化计算引擎初始化完成，启动数据管线...
2026-06-22 10:01:27.318 [[32minfo[39m][DiffusionGrid] 流体扩散网格初始化: 64x64 = 4096 格点
2026-06-22 10:01:27.318 [[32minfo[39m][SensorAggregator] 主动配气控制模块已启动 - PID控制循环: 5Hz
2026-06-22 10:01:27.323 [[32minfo[39m][NestFactory] Starting Nest application...
2026-06-22 10:01:27.324 [[32minfo[39m][InstanceLoader] SharedModule dependencies initialized
2026-06-22 10:01:27.324 [[32minfo[39m][InstanceLoader] LoggerModule dependencies initialized
2026-06-22 10:01:27.324 [[32minfo[39m][InstanceLoader] AppModule dependencies initialized
2026-06-22 10:01:27.324 [[32minfo[39m][InstanceLoader] SerialModule dependencies initialized
2026-06-22 10:01:27.324 [[32minfo[39m][InstanceLoader] KalmanFilterModule dependencies initialized
2026-06-22 10:01:27.325 [[32minfo[39m][InstanceLoader] RingBufferModule dependencies initialized
2026-06-22 10:01:27.325 [[32minfo[39m][InstanceLoader] BiochemicalModule dependencies initialized
2026-06-22 10:01:27.325 [[32minfo[39m][InstanceLoader] GasControlModule dependencies initialized
2026-06-22 10:01:27.325 [[32minfo[39m][InstanceLoader] ApiModule dependencies initialized
2026-06-22 10:01:27.325 [[32minfo[39m][InstanceLoader] BiosocketModule dependencies initialized
2026-06-22 10:01:27.325 [[32minfo[39m][WebSocketsController] BiosocketGateway subscribed to the "subscribe:config" message
2026-06-22 10:01:27.325 [[32minfo[39m][WebSocketsController] BiosocketGateway subscribed to the "request:state" message
2026-06-22 10:01:27.326 [[32minfo[39m][WebSocketsController] BiosocketGateway subscribed to the "request:grid" message
2026-06-22 10:01:27.326 [[32minfo[39m][WebSocketsController] BiosocketGateway subscribed to the "control:valve" message
2026-06-22 10:01:27.326 [[32minfo[39m][WebSocketsController] BiosocketGateway subscribed to the "control:override" message
2026-06-22 10:01:27.326 [[32minfo[39m][RoutesResolver] AppController {/}:
2026-06-22 10:01:27.326 [[32minfo[39m][RouterExplorer] Mapped {/health, GET} route
2026-06-22 10:01:27.326 [[32minfo[39m][RouterExplorer] Mapped {/system-info, GET} route
2026-06-22 10:01:27.327 [[32minfo[39m][RoutesResolver] BiochemicalController {/api/biochemical}:
2026-06-22 10:01:27.327 [[32minfo[39m][RouterExplorer] Mapped {/api/biochemical/state, GET} route
2026-06-22 10:01:27.327 [[32minfo[39m][RouterExplorer] Mapped {/api/biochemical/grid, GET} route
2026-06-22 10:01:27.327 [[32minfo[39m][RouterExplorer] Mapped {/api/biochemical/grid/compact, GET} route
2026-06-22 10:01:27.327 [[32minfo[39m][RoutesResolver] SensorController {/api/sensors}:
2026-06-22 10:01:27.327 [[32minfo[39m][RouterExplorer] Mapped {/api/sensors/kalman/channels, GET} route
2026-06-22 10:01:27.327 [[32minfo[39m][RouterExplorer] Mapped {/api/sensors/kalman/:sensorType, GET} route
2026-06-22 10:01:27.327 [[32minfo[39m][RouterExplorer] Mapped {/api/sensors/ringbuffer, GET} route
2026-06-22 10:01:27.327 [[32minfo[39m][RouterExplorer] Mapped {/api/sensors/aggregator, GET} route
2026-06-22 10:01:27.327 [[32minfo[39m][RoutesResolver] ControlController {/api/control}:
2026-06-22 10:01:27.328 [[32minfo[39m][RouterExplorer] Mapped {/api/control/valves, GET} route
2026-06-22 10:01:27.328 [[32minfo[39m][RouterExplorer] Mapped {/api/control/valves/:valveId, GET} route
2026-06-22 10:01:27.328 [[32minfo[39m][RouterExplorer] Mapped {/api/control/valves/:valveId/command, POST} route
2026-06-22 10:01:27.328 [[32minfo[39m][RouterExplorer] Mapped {/api/control/override, POST} route
2026-06-22 10:01:27.328 [[32minfo[39m][RouterExplorer] Mapped {/api/control/pid, GET} route
2026-06-22 10:01:27.328 [[32minfo[39m][RouterExplorer] Mapped {/api/control/master-report, GET} route
2026-06-22 10:01:27.328 [[32minfo[39m][RoutesResolver] DiagnosticsController {/api/diagnostics}:
2026-06-22 10:01:27.328 [[32minfo[39m][RouterExplorer] Mapped {/api/diagnostics/engine, GET} route
2026-06-22 10:01:27.328 [[32minfo[39m][RouterExplorer] Mapped {/api/diagnostics/serial, GET} route
2026-06-22 10:01:27.328 [[32minfo[39m][RouterExplorer] Mapped {/api/diagnostics/full, GET} route
2026-06-22 10:01:27.328 [[32minfo[39m][NestApplication] Nest application successfully started
2026-06-22 10:01:27.329 [[32minfo[39m][SensorAggregator] 🚀 生命维持中枢服务已启动: http://localhost:3001
2026-06-22 10:01:27.329 [[32minfo[39m][SensorAggregator] 📖 API 文档地址: http://localhost:3001/api/docs
2026-06-22 10:01:27.330 [[32minfo[39m][SensorAggregator] 🔌 WebSocket 通道: ws://localhost:3001/biostream
2026-06-22 10:01:47.112 [[34mdebug[39m][SensorAggregator] 帧吞吐统计: 10000 帧 / 60000 字节 @ 505.2 fps / 2.96 KB/s
2026-06-22 10:02:06.839 [[34mdebug[39m][SensorAggregator] 帧吞吐统计: 20000 帧 / 120000 字节 @ 506.0 fps / 2.96 KB/s
2026-06-22 10:15:42.656 [[32minfo[39m][Biosocket-WS] WebSocket 通道已建立: /biostream
2026-06-22 10:15:42.658 [[32minfo[39m][Biosocket-WS] 背压看门狗配置: stateQ=16, gridQ=8, 慢客户端逐出=15000ms
2026-06-22 10:15:42.665 [[32minfo[39m][Biosocket-WS] RS-485 驱动初始化: 模式=仿真数据
2026-06-22 10:15:42.666 [[32minfo[39m][KalmanFilter] 多通道卡尔曼滤波器已初始化 (5 通道)
2026-06-22 10:15:42.669 [[32minfo[39m][RingBuffer] 无锁环形缓冲初始化: 容量=65536 槽 (64K), 单槽对齐=8 字节边界
2026-06-22 10:15:42.670 [[32minfo[39m][RingBuffer] 生化计算引擎初始化完成，启动数据管线...
2026-06-22 10:15:42.671 [[32minfo[39m][DiffusionGrid] 流体扩散网格初始化: 64x64 = 4096 格点
2026-06-22 10:15:42.672 [[32minfo[39m][SensorAggregator] 主动配气控制模块已启动 - PID控制循环: 5Hz
2026-06-22 10:15:42.679 [[32minfo[39m][NestFactory] Starting Nest application...
2026-06-22 10:15:42.679 [[32minfo[39m][InstanceLoader] SharedModule dependencies initialized
2026-06-22 10:15:42.680 [[32minfo[39m][InstanceLoader] LoggerModule dependencies initialized
2026-06-22 10:15:42.680 [[32minfo[39m][InstanceLoader] AppModule dependencies initialized
2026-06-22 10:15:42.680 [[32minfo[39m][InstanceLoader] SerialModule dependencies initialized
2026-06-22 10:15:42.683 [[32minfo[39m][InstanceLoader] KalmanFilterModule dependencies initialized
2026-06-22 10:15:42.684 [[32minfo[39m][InstanceLoader] RingBufferModule dependencies initialized
2026-06-22 10:15:42.684 [[32minfo[39m][InstanceLoader] BiochemicalModule dependencies initialized
2026-06-22 10:15:42.685 [[32minfo[39m][InstanceLoader] GasControlModule dependencies initialized
2026-06-22 10:15:42.685 [[32minfo[39m][InstanceLoader] ApiModule dependencies initialized
2026-06-22 10:15:42.686 [[32minfo[39m][InstanceLoader] BiosocketModule dependencies initialized
2026-06-22 10:15:42.686 [[32minfo[39m][WebSocketsController] BiosocketGateway subscribed to the "subscribe:config" message
2026-06-22 10:15:42.686 [[32minfo[39m][WebSocketsController] BiosocketGateway subscribed to the "request:state" message
2026-06-22 10:15:42.686 [[32minfo[39m][WebSocketsController] BiosocketGateway subscribed to the "request:grid" message
2026-06-22 10:15:42.687 [[32minfo[39m][WebSocketsController] BiosocketGateway subscribed to the "control:valve" message
2026-06-22 10:15:42.687 [[32minfo[39m][WebSocketsController] BiosocketGateway subscribed to the "control:override" message
2026-06-22 10:15:42.687 [[32minfo[39m][RoutesResolver] AppController {/}:
2026-06-22 10:15:42.687 [[32minfo[39m][RouterExplorer] Mapped {/health, GET} route
2026-06-22 10:15:42.688 [[32minfo[39m][RouterExplorer] Mapped {/system-info, GET} route
2026-06-22 10:15:42.690 [[32minfo[39m][RoutesResolver] BiochemicalController {/api/biochemical}:
2026-06-22 10:15:42.690 [[32minfo[39m][RouterExplorer] Mapped {/api/biochemical/state, GET} route
2026-06-22 10:15:42.691 [[32minfo[39m][RouterExplorer] Mapped {/api/biochemical/grid, GET} route
2026-06-22 10:15:42.691 [[32minfo[39m][RouterExplorer] Mapped {/api/biochemical/grid/compact, GET} route
2026-06-22 10:15:42.691 [[32minfo[39m][RoutesResolver] SensorController {/api/sensors}:
2026-06-22 10:15:42.691 [[32minfo[39m][RouterExplorer] Mapped {/api/sensors/kalman/channels, GET} route
2026-06-22 10:15:42.691 [[32minfo[39m][RouterExplorer] Mapped {/api/sensors/kalman/:sensorType, GET} route
2026-06-22 10:15:42.692 [[32minfo[39m][RouterExplorer] Mapped {/api/sensors/ringbuffer, GET} route
2026-06-22 10:15:42.692 [[32minfo[39m][RouterExplorer] Mapped {/api/sensors/aggregator, GET} route
2026-06-22 10:15:42.692 [[32minfo[39m][RoutesResolver] ControlController {/api/control}:
2026-06-22 10:15:42.692 [[32minfo[39m][RouterExplorer] Mapped {/api/control/valves, GET} route
2026-06-22 10:15:42.693 [[32minfo[39m][RouterExplorer] Mapped {/api/control/valves/:valveId, GET} route
2026-06-22 10:15:42.693 [[32minfo[39m][RouterExplorer] Mapped {/api/control/valves/:valveId/command, POST} route
2026-06-22 10:15:42.693 [[32minfo[39m][RouterExplorer] Mapped {/api/control/override, POST} route
2026-06-22 10:15:42.693 [[32minfo[39m][RouterExplorer] Mapped {/api/control/pid, GET} route
2026-06-22 10:15:42.694 [[32minfo[39m][RouterExplorer] Mapped {/api/control/master-report, GET} route
2026-06-22 10:15:42.694 [[32minfo[39m][RoutesResolver] DiagnosticsController {/api/diagnostics}:
2026-06-22 10:15:42.694 [[32minfo[39m][RouterExplorer] Mapped {/api/diagnostics/engine, GET} route
2026-06-22 10:15:42.694 [[32minfo[39m][RouterExplorer] Mapped {/api/diagnostics/serial, GET} route
2026-06-22 10:15:42.694 [[32minfo[39m][RouterExplorer] Mapped {/api/diagnostics/full, GET} route
2026-06-22 10:15:42.696 [[32minfo[39m][NestApplication] Nest application successfully started
2026-06-22 10:15:42.697 [[32minfo[39m][SensorAggregator] 🚀 生命维持中枢服务已启动: http://localhost:3001
2026-06-22 10:15:42.698 [[32minfo[39m][SensorAggregator] 📖 API 文档地址: http://localhost:3001/api/docs
2026-06-22 10:15:42.698 [[32minfo[39m][SensorAggregator] 🔌 WebSocket 通道: ws://localhost:3001/biostream
2026-06-22 10:16:02.484 [[34mdebug[39m][SensorAggregator] 帧吞吐统计: 10000 帧 / 60000 字节 @ 504.6 fps / 2.96 KB/s
2026-06-22 10:16:22.395 [[34mdebug[39m][SensorAggregator] 帧吞吐统计: 20000 帧 / 120000 字节 @ 503.4 fps / 2.95 KB/s
2026-06-22 10:16:42.449 [[34mdebug[39m][SensorAggregator] 帧吞吐统计: 30000 帧 / 180000 字节 @ 501.8 fps / 2.94 KB/s
2026-06-22 10:17:02.864 [[34mdebug[39m][SensorAggregator] 帧吞吐统计: 40000 帧 / 240000 字节 @ 498.8 fps / 2.92 KB/s
2026-06-22 10:17:23.623 [[34mdebug[39m][SensorAggregator] 帧吞吐统计: 50000 帧 / 300000 字节 @ 495.3 fps / 2.90 KB/s
2026-06-22 10:17:44.826 [[34mdebug[39m][SensorAggregator] 帧吞吐统计: 60000 帧 / 360000 字节 @ 491.2 fps / 2.88 KB/s
2026-06-22 10:18:06.147 [[34mdebug[39m][SensorAggregator] 帧吞吐统计: 70000 帧 / 420000 字节 @ 487.9 fps / 2.86 KB/s
2026-06-22 10:18:27.516 [[34mdebug[39m][SensorAggregator] 帧吞吐统计: 80000 帧 / 480000 字节 @ 485.3 fps / 2.84 KB/s
2026-06-22 10:18:48.646 [[34mdebug[39m][SensorAggregator] 帧吞吐统计: 90000 帧 / 540000 字节 @ 483.9 fps / 2.84 KB/s
2026-06-22 10:19:09.690 [[34mdebug[39m][SensorAggregator] 帧吞吐统计: 100000 帧 / 600000 字节 @ 483.0 fps / 2.83 KB/s
2026-06-22 10:19:30.746 [[34mdebug[39m][SensorAggregator] 帧吞吐统计: 110000 帧 / 660000 字节 @ 482.3 fps / 2.83 KB/s
